<?xml version='1.0' encoding='UTF-8'?>
<dataset>
  <ss_authority ID="1" DISPLAY_NAME="浏览用户" NAME="A_VIEW_USER"/>
  <ss_authority ID="2" DISPLAY_NAME="修改用户" NAME="A_MODIFY_USER"/>
  <ss_authority ID="3" DISPLAY_NAME="浏览角色" NAME="A_VIEW_ROLE"/>
  <ss_authority ID="4" DISPLAY_NAME="修改角色" NAME="A_MODIFY_ROLE"/>
  <ss_resource ID="1" POSITION="1.0" RESOURCE_TYPE="url" VALUE="/security/user!save*"/>
  <ss_resource ID="2" POSITION="2.0" RESOURCE_TYPE="url" VALUE="/security/user!delete*"/>
  <ss_resource ID="3" POSITION="3.0" RESOURCE_TYPE="url" VALUE="/security/user*"/>
  <ss_resource ID="4" POSITION="4.0" RESOURCE_TYPE="url" VALUE="/security/role!save*"/>
  <ss_resource ID="5" POSITION="5.0" RESOURCE_TYPE="url" VALUE="/security/role!delete*"/>
  <ss_resource ID="6" POSITION="6.0" RESOURCE_TYPE="url" VALUE="/security/role*"/>
  <ss_resource_authority RESOURCE_ID="1" AUTHORITY_ID="2"/>
  <ss_resource_authority RESOURCE_ID="2" AUTHORITY_ID="2"/>
  <ss_resource_authority RESOURCE_ID="3" AUTHORITY_ID="1"/>
  <ss_resource_authority RESOURCE_ID="4" AUTHORITY_ID="4"/>
  <ss_resource_authority RESOURCE_ID="5" AUTHORITY_ID="4"/>
  <ss_resource_authority RESOURCE_ID="6" AUTHORITY_ID="3"/>
  <ss_role ID="1" NAME="管理员"/>
  <ss_role ID="2" NAME="用户"/>
  <ss_role_authority ROLE_ID="1" AUTHORITY_ID="1"/>
  <ss_role_authority ROLE_ID="1" AUTHORITY_ID="2"/>
  <ss_role_authority ROLE_ID="1" AUTHORITY_ID="3"/>
  <ss_role_authority ROLE_ID="1" AUTHORITY_ID="4"/>
  <ss_role_authority ROLE_ID="2" AUTHORITY_ID="1"/>
  <ss_role_authority ROLE_ID="2" AUTHORITY_ID="3"/>
  <ss_user ID="1" EMAIL="admin@springside.org.cn" LOGIN_NAME="admin" NAME="Admin" PASSWORD="admin"/>
  <ss_user ID="2" EMAIL="user@springside.org.cn" LOGIN_NAME="user" NAME="User" PASSWORD="user"/>
  <ss_user ID="3" EMAIL="jack@springside.org.cn" LOGIN_NAME="user2" NAME="Jack" PASSWORD="user2"/>
  <ss_user ID="4" EMAIL="kate@springside.org.cn" LOGIN_NAME="user3" NAME="Kate" PASSWORD="user3"/>
  <ss_user ID="5" EMAIL="sawyer@springside.org.cn" LOGIN_NAME="user4" NAME="Sawyer" PASSWORD="user4"/>
  <ss_user ID="6" EMAIL="ben@springside.org.cn" LOGIN_NAME="user5" NAME="Ben" PASSWORD="user5"/>
  <ss_user_role USER_ID="1" ROLE_ID="1"/>
  <ss_user_role USER_ID="1" ROLE_ID="2"/>
  <ss_user_role USER_ID="2" ROLE_ID="2"/>
  <ss_user_role USER_ID="3" ROLE_ID="2"/>
  <ss_user_role USER_ID="4" ROLE_ID="2"/>
  <ss_user_role USER_ID="5" ROLE_ID="2"/>
  <ss_user_role USER_ID="6" ROLE_ID="2"/>
</dataset>
